

Processing StoreController#index (for 127.0.0.1 at 2010-08-10 10:14:31) [GET]
  Session ID: 04cb2e0596abae9a02f4adc7f73656c8
  Parameters: {"action"=>"index", "controller"=>"store"}
  [4;36;1mProduct Load (0.000000)[0m   [0;1mSELECT * FROM "products" ORDER BY title[0m
Rendering template within layouts/store
Rendering store/index
Rendered store/_cart (0.00000)
Completed in 0.11224 (8 reqs/sec) | Rendering: 0.06414 (57%) | DB: 0.00000 (0%) | 200 OK [http://localhost/store]


Processing StoreController#index (for 127.0.0.1 at 2010-08-10 10:14:34) [GET]
  Session ID: 04cb2e0596abae9a02f4adc7f73656c8
  Parameters: {"action"=>"index", "controller"=>"store"}
  [4;35;1mProduct Load (0.000000)[0m   [0mSELECT * FROM "products" ORDER BY title[0m
Rendering template within layouts/store
Rendering store/index
Rendered store/_cart (0.00000)
Completed in 0.03207 (31 reqs/sec) | Rendering: 0.01603 (49%) | DB: 0.00000 (0%) | 200 OK [http://localhost/store]
  [4;36;1mSQL (0.000000)[0m   [0;1m SELECT name
 FROM sqlite_master
 WHERE type = 'table' AND NOT name = 'sqlite_sequence'
[0m
  [4;35;1mSQL (0.000000)[0m   [0mSELECT version FROM schema_migrations[0m
  [4;36;1mSQL (0.000000)[0m   [0;1mselect sqlite_version(*)[0m
  [4;35;1mSQL (0.000000)[0m   [0mSELECT version FROM schema_migrations[0m
  [4;36;1mSQL (0.000000)[0m   [0;1m SELECT name
 FROM sqlite_master
 WHERE type = 'table' AND NOT name = 'sqlite_sequence'
[0m
  [4;35;1mSQL (0.000000)[0m   [0mPRAGMA index_list("line_items")[0m
  [4;36;1mSQL (0.000000)[0m   [0;1mPRAGMA index_list("orders")[0m
  [4;35;1mSQL (0.000000)[0m   [0mPRAGMA index_list("products")[0m
  [4;36;1mSQL (0.000000)[0m   [0;1mPRAGMA index_list("sessions")[0m
  [4;35;1mSQL (0.000000)[0m   [0mPRAGMA index_info('index_sessions_on_updated_at')[0m
  [4;36;1mSQL (0.000000)[0m   [0;1mPRAGMA index_info('index_sessions_on_session_id')[0m
  [4;35;1mSQL (0.000000)[0m   [0mPRAGMA index_list("users")[0m
  [4;36;1mSQL (0.000000)[0m   [0;1mselect sqlite_version(*)[0m
  [4;35;1mSQL (0.000000)[0m   [0m SELECT name
 FROM sqlite_master
 WHERE type = 'table' AND NOT name = 'sqlite_sequence'
[0m
  [4;36;1mSQL (0.047034)[0m   [0;1mCREATE TABLE "line_items" ("id" INTEGER PRIMARY KEY AUTOINCREMENT NOT NULL, "product_id" integer NOT NULL, "order_id" integer NOT NULL, "quantity" integer NOT NULL, "total_price" decimal(8,2) NOT NULL, "created_at" datetime DEFAULT NULL NULL, "updated_at" datetime DEFAULT NULL NULL) [0m
  [4;35;1mSQL (0.000000)[0m   [0m SELECT name
 FROM sqlite_master
 WHERE type = 'table' AND NOT name = 'sqlite_sequence'
[0m
  [4;36;1mSQL (0.094067)[0m   [0;1mCREATE TABLE "orders" ("id" INTEGER PRIMARY KEY AUTOINCREMENT NOT NULL, "name" varchar(255) DEFAULT NULL NULL, "address" text DEFAULT NULL NULL, "email" varchar(255) DEFAULT NULL NULL, "pay_type" varchar(10) DEFAULT NULL NULL, "created_at" datetime DEFAULT NULL NULL, "updated_at" datetime DEFAULT NULL NULL) [0m
  [4;35;1mSQL (0.000000)[0m   [0m SELECT name
 FROM sqlite_master
 WHERE type = 'table' AND NOT name = 'sqlite_sequence'
[0m
  [4;36;1mSQL (0.109746)[0m   [0;1mCREATE TABLE "products" ("id" INTEGER PRIMARY KEY AUTOINCREMENT NOT NULL, "title" varchar(255) DEFAULT NULL NULL, "description" text DEFAULT NULL NULL, "image_url" varchar(255) DEFAULT NULL NULL, "created_at" datetime DEFAULT NULL NULL, "updated_at" datetime DEFAULT NULL NULL, "price" decimal(8,2) DEFAULT 0.0 NULL) [0m
  [4;35;1mSQL (0.000000)[0m   [0m SELECT name
 FROM sqlite_master
 WHERE type = 'table' AND NOT name = 'sqlite_sequence'
[0m
  [4;36;1mSQL (0.078389)[0m   [0;1mCREATE TABLE "sessions" ("id" INTEGER PRIMARY KEY AUTOINCREMENT NOT NULL, "session_id" varchar(255) NOT NULL, "data" text DEFAULT NULL NULL, "created_at" datetime DEFAULT NULL NULL, "updated_at" datetime DEFAULT NULL NULL) [0m
  [4;35;1mSQL (0.062712)[0m   [0mCREATE INDEX "index_sessions_on_updated_at" ON "sessions" ("updated_at")[0m
  [4;36;1mSQL (0.078389)[0m   [0;1mCREATE INDEX "index_sessions_on_session_id" ON "sessions" ("session_id")[0m
  [4;35;1mSQL (0.000000)[0m   [0m SELECT name
 FROM sqlite_master
 WHERE type = 'table' AND NOT name = 'sqlite_sequence'
[0m
  [4;36;1mSQL (0.172457)[0m   [0;1mCREATE TABLE "users" ("id" INTEGER PRIMARY KEY AUTOINCREMENT NOT NULL, "name" varchar(255) DEFAULT NULL NULL, "hashed_password" varchar(255) DEFAULT NULL NULL, "salt" varchar(255) DEFAULT NULL NULL, "created_at" datetime DEFAULT NULL NULL, "updated_at" datetime DEFAULT NULL NULL) [0m
  [4;35;1mSQL (0.000000)[0m   [0m SELECT name
 FROM sqlite_master
 WHERE type = 'table' AND NOT name = 'sqlite_sequence'
[0m
  [4;36;1mSQL (0.078390)[0m   [0;1mCREATE TABLE "schema_migrations" ("version" varchar(255) NOT NULL) [0m
  [4;35;1mSQL (0.047033)[0m   [0mCREATE UNIQUE INDEX "unique_schema_migrations" ON "schema_migrations" ("version")[0m
  [4;36;1mSQL (0.000000)[0m   [0;1m SELECT name
 FROM sqlite_master
 WHERE type = 'table' AND NOT name = 'sqlite_sequence'
[0m
  [4;35;1mSQL (0.000000)[0m   [0mSELECT version FROM "schema_migrations"[0m
  [4;36;1mSQL (0.078390)[0m   [0;1mINSERT INTO "schema_migrations" (version) VALUES ('20100526061145')[0m
  [4;35;1mSQL (0.156779)[0m   [0mINSERT INTO "schema_migrations" (version) VALUES ('20100412063158')[0m
  [4;36;1mSQL (0.078389)[0m   [0;1mINSERT INTO "schema_migrations" (version) VALUES ('20100412064157')[0m
  [4;35;1mSQL (0.156779)[0m   [0mINSERT INTO "schema_migrations" (version) VALUES ('20100413065926')[0m
  [4;36;1mSQL (0.078390)[0m   [0;1mINSERT INTO "schema_migrations" (version) VALUES ('20100413100043')[0m
  [4;35;1mSQL (0.078389)[0m   [0mINSERT INTO "schema_migrations" (version) VALUES ('20100525075551')[0m
  [4;36;1mSQL (0.062712)[0m   [0;1mINSERT INTO "schema_migrations" (version) VALUES ('20100525075604')[0m
